Log generated by FET 7.5.8 on 4/14/26 8:03 PM

Reading file 261-0-0-1.fet
Complete file name, including path: /Users/douglas/Library/Mobile Documents/com~apple~CloudDocs/Douglas/Trabalho/2025/2 Semestre/Comissao Horario/261-0-0-1.fet

Read mode=Official
Read institution name=Default institution
Read comments=Default comments
Added 6 days per week
Added 23 hours per day
Added 176 subjects
Added 0 activity tags
Added 45 teachers
Added 7 students years
Added 32 students groups
Added 0 students subgroups
Added 351 activities
Added 3 buildings
Added 27 rooms
Added 143 time constraints
Added 21 space constraints
Added 0 timetable generation options
